#
# A fatal error has been detected by the Java Runtime Environment:
#
#  SIGSEGV (0xb) at pc=0x00007fff3ab37251, pid=795, tid=0x0000000000000307
#
# JRE version: Java(TM) SE Runtime Environment (8.0_144-b01) (build 1.8.0_144-b01)
# Java VM: Java HotSpot(TM) 64-Bit Server VM (25.144-b01 mixed mode bsd-amd64 compressed oops)
# Problematic frame:
# C  [QuartzCore+0xb2251]  _ZL18view_destroy_stateP12_CAViewStateb+0x12f
#
# Failed to write core dump. Core dumps have been disabled. To enable core dumping, try "ulimit -c unlimited" before starting Java again
#
# If you would like to submit a bug report, please visit:
#   http://bugreport.java.com/bugreport/crash.jsp
# The crash happened outside the Java Virtual Machine in native code.
# See problematic frame for where to report the bug.
#

---------------  T H R E A D  ---------------

Current thread (0x00007ff4f7938000):  JavaThread "JavaFX Application Thread" [_thread_in_native, id=775, stack(0x00007ffee9536000,0x00007ffee9d36000)]

siginfo: si_signo: 11 (SIGSEGV), si_code: 1 (SEGV_MAPERR), si_addr: 0x00007ff4fa800000

Registers:
RAX=0x0000000000000307, RBX=0x00007ff4f9a01650, RCX=0x0000000000000000, RDX=0x00000000000fbc70
RSP=0x00007ffee9d2fed0, RBP=0x00007ffee9d2fef0, RSI=0x00007ff4f75aa180, RDI=0x00007ff4fa800000
R8 =0x000007ff4f9c0047, R9 =0x0000000000000001, R10=0x00007ff4f9c00000, R11=0x00007ff4f9c00410
R12=0x00007ff4f753e3b0, R13=0x00007fff93362001, R14=0x00007ff4f9c00090, R15=0x0000000000000000
RIP=0x00007fff3ab37251, EFLAGS=0x0000000000010206, ERR=0x0000000000000004
  TRAPNO=0x000000000000000e

Top of Stack: (sp=0x00007ffee9d2fed0)
0x00007ffee9d2fed0:   00007ff4f9c00020 00007ff4f74dd160
0x00007ffee9d2fee0:   00007ff4f76bd910 00007ff4f9800200
0x00007ffee9d2fef0:   00007ffee9d2ff60 00007fff3aaf3189
0x00007ffee9d2ff00:   00007fff6f1ad49c 00007ff4f74dd160
0x00007ffee9d2ff10:   0000000000000307 0000000105eeb080
0x00007ffee9d2ff20:   0000000000000000 0000000000000000
0x00007ffee9d2ff30:   0000000000000000 0000000000000000
0x00007ffee9d2ff40:   edf3910ef2c300d9 00007ff4f74dd160
0x00007ffee9d2ff50:   0000000000000018 00007fff93362fc0
0x00007ffee9d2ff60:   00007ffee9d2ffa0 00007fff2ca686f3
0x00007ffee9d2ff70:   4330000000000000 4530000000000000
0x00007ffee9d2ff80:   00007ffee9d2ffb0 00007ff4f74dd160
0x00007ffee9d2ff90:   0000000000000001 00007fff93362fc0
0x00007ffee9d2ffa0:   00007ffee9d30000 00007fff647bac03
0x00007ffee9d2ffb0:   00007ff4f89b0ac0 00007ff4f89b0e00
0x00007ffee9d2ffc0:   0000000000000000 ffff800b08b22ea0
0x00007ffee9d2ffd0:   0000000000000002 00007ff4f9b00960
0x00007ffee9d2ffe0:   000000000000000e 0000000000000008
0x00007ffee9d2fff0:   0000000000000010 0000000000000008
0x00007ffee9d30000:   00007ffee9d30020 00007fff65ba0bed
0x00007ffee9d30010:   00007fff934b38f0 00007ff4f9d96d90
0x00007ffee9d30020:   00007ffee9d30070 00007fff316c0549
0x00007ffee9d30030:   00007ffee9d30070 00007fff647cee1a
0x00007ffee9d30040:   edf3910ef2c300d9 00007ffee9d30080
0x00007ffee9d30050:   00007ff4f9d96d90 00007fff93362001
0x00007ffee9d30060:   0000000000000001 00007fff93362c00
0x00007ffee9d30070:   00007ffee9d300d0 00007fff647bac03
0x00007ffee9d30080:   00007ff4f9fd5c60 00007ff4f9fd5ca0
0x00007ffee9d30090:   0000000111569001 ffff800b06269270
0x00007ffee9d300a0:   0000000000000002 00007ff4f8002000
0x00007ffee9d300b0:   00007ffee9d30260 00007ffee9d30290
0x00007ffee9d300c0:   00007ff4f80020f8 a3a3a3a3a3a3a3a3 

Instructions: (pc=0x00007fff3ab37251)
0x00007fff3ab37231:   3f 00 74 0a f0 ff 0f 75 05 e8 2f 7e 17 00 49 8b
0x00007fff3ab37241:   34 24 48 85 f6 74 1b 49 8b 7e 78 48 85 ff 74 0a
0x00007fff3ab37251:   48 8b 07 ff 50 28 49 8b 34 24 48 89 f7 e8 5d 6b
0x00007fff3ab37261:   17 00 4c 89 e7 e8 03 7e 17 00 41 ff 8e d8 00 00 

Register to memory mapping:

RAX=0x0000000000000307 is an unknown value
RBX=0x00007ff4f9a01650 is an unknown value
RCX=0x0000000000000000 is an unknown value
RDX=0x00000000000fbc70 is an unknown value
RSP=0x00007ffee9d2fed0 is pointing into the stack for thread: 0x00007ff4f7938000
RBP=0x00007ffee9d2fef0 is pointing into the stack for thread: 0x00007ff4f7938000
RSI=0x00007ff4f75aa180 is an unknown value
RDI=0x00007ff4fa800000 is an unknown value
R8 =0x000007ff4f9c0047 is an unknown value
R9 =0x0000000000000001 is an unknown value
R10=0x00007ff4f9c00000 is an unknown value
R11=0x00007ff4f9c00410 is an unknown value
R12=0x00007ff4f753e3b0 is an unknown value
R13=0x00007fff93362001: AssociationsManagerLock+0x1 in /usr/lib/libobjc.A.dylib at 0x00007fff647ad000
R14=0x00007ff4f9c00090 is an unknown value
R15=0x0000000000000000 is an unknown value


Stack: [0x00007ffee9536000,0x00007ffee9d36000],  sp=0x00007ffee9d2fed0,  free space=8167k
Native frames: (J=compiled Java code, j=interpreted, Vv=VM code, C=native code)
C  [QuartzCore+0xb2251]  _ZL18view_destroy_stateP12_CAViewStateb+0x12f
C  [QuartzCore+0x6e189]  CAViewDestroy+0x13a
C  [AppKit+0x7ea6f3]  -[_NSCGSWindowLocallyRenderedLayerSurface dealloc]+0x27
C  [libobjc.A.dylib+0xdc03]  _ZN11objc_object17sidetable_releaseEb+0xe5
C  [libsystem_blocks.dylib+0xbed]  _Block_release+0x65
C  [Foundation+0x95549]  -[NSConcretePointerArray dealloc]+0x86
C  [libobjc.A.dylib+0xdc03]  _ZN11objc_object17sidetable_releaseEb+0xe5
C  [libobjc.A.dylib+0x224aa]  _ZN19AutoreleasePoolPage12releaseUntilEPP11objc_object+0x86
C  [libobjc.A.dylib+0x9150]  objc_autoreleasePoolPop+0xaf
C  [QuartzCore+0x1373bf]  _ZN2CA7Context18commit_transactionEPNS_11TransactionEd+0x94b
C  [QuartzCore+0x2072]  _ZN2CA11Transaction6commitEv+0x27e
C  [AppKit+0x8cdbfa]  __62+[CATransaction(NSCATransaction) NS_setFlushesWithDisplayLink]_block_invoke+0x10a
C  [AppKit+0x8ce022]  ___NSRunLoopObserverCreateWithHandler_block_invoke+0x29
C  [CoreFoundation+0x97468]  __CFRUNLOOP_IS_CALLING_OUT_TO_AN_OBSERVER_CALLBACK_FUNCTION__+0x17
C  [CoreFoundation+0x97392]  __CFRunLoopDoObservers+0x1c9
C  [CoreFoundation+0x3a349]  __CFRunLoopRun+0x4c3
C  [CoreFoundation+0x39c01]  CFRunLoopRunSpecific+0x1f3
C  [HIToolbox+0xa53d]  RunCurrentEventLoopInMode+0x124
C  [HIToolbox+0xa189]  ReceiveNextEventCommon+0x164
C  [HIToolbox+0xa007]  _BlockUntilNextEventMatchingListInModeWithFilter+0x40
C  [AppKit+0x17804]  _DPSNextEvent+0x3de
C  [AppKit+0x16577]  -[NSApplication(NSEvent) _nextEventMatchingEventMask:untilDate:inMode:dequeue:]+0x548
C  [AppKit+0x3060b5]  -[NSApplication _shouldTerminate]+0x52f
C  [AppKit+0x443d4d]  -[NSApplication(NSAppleEventHandling) _handleAEQuit]+0x143
C  [AppKit+0x1b477]  -[NSApplication(NSAppleEventHandling) _handleCoreEvent:withReplyEvent:]+0x2c5
C  [Foundation+0x5a1cc]  -[NSAppleEventManager dispatchRawAppleEvent:withRawReply:handlerRefCon:]+0x134
C  [Foundation+0x5a036]  _NSAppleEventManagerGenericHandler+0x62
C  [AE+0x8382]  aeProcessAppleEvent+0xbdd
C  [AE+0x7aa8]  aeProcessAppleEvent+0x303
C  [AE+0x7966]  aeProcessAppleEvent+0x1c1
C  [HIToolbox+0x13968]  AEProcessAppleEvent+0x36
C  [AppKit+0x17aac]  _DPSNextEvent+0x686
C  [AppKit+0x16577]  -[NSApplication(NSEvent) _nextEventMatchingEventMask:untilDate:inMode:dequeue:]+0x548
C  [AppKit+0x10cc7]  -[NSApplication run]+0x292
C  [libglass.dylib+0x651c]  -[GlassApplication runLoop:]+0x72c
C  [Foundation+0xaca6a]  __NSThreadPerformPerform+0xfe
C  [CoreFoundation+0x57475]  __CFRUNLOOP_IS_CALLING_OUT_TO_A_SOURCE0_PERFORM_FUNCTION__+0x11
C  [CoreFoundation+0x57405]  __CFRunLoopDoSource0+0x70
C  [CoreFoundation+0x3ad7e]  __CFRunLoopDoSources0+0xd1
C  [CoreFoundation+0x3a37e]  __CFRunLoopRun+0x4f8
C  [CoreFoundation+0x39c01]  CFRunLoopRunSpecific+0x1f3
C  [java+0x6465]  CreateExecutionEnvironment+0x367
C  [java+0x218c]  JLI_Launch+0x7a0
C  [java+0x84c2]  main+0x65
C  [java+0x19e4]  start+0x34
C  0x0000000000000006


---------------  P R O C E S S  ---------------

Java Threads: ( => current thread )
  0x00007ff4f8951000 JavaThread "Thread-7" daemon [_thread_in_native, id=32263, stack(0x0000700009601000,0x0000700009681000)]
  0x00007ff4f812a000 JavaThread "Direct Clip" daemon [_thread_blocked, id=66059, stack(0x0000700009c9c000,0x0000700009d9c000)]
  0x00007ff4f79f7800 JavaThread "Java Sound Event Dispatcher" daemon [_thread_blocked, id=65027, stack(0x0000700009b99000,0x0000700009c99000)]
  0x00007ff4f824f800 JavaThread "Prism Font Disposer" daemon [_thread_blocked, id=51007, stack(0x000070000990d000,0x0000700009a0d000)]
  0x00007ff4f7984800 JavaThread "Attach Listener" daemon [_thread_blocked, id=50179, stack(0x000070000980a000,0x000070000990a000)]
  0x00007ff4f8927000 JavaThread "JavaFX-Launcher" [_thread_blocked, id=82691, stack(0x0000700009707000,0x0000700009807000)]
  0x00007ff4f7972800 JavaThread "Thread-3" daemon [_thread_in_native, id=32259, stack(0x0000700009601000,0x0000700009681000)]
=>0x00007ff4f7938000 JavaThread "JavaFX Application Thread" [_thread_in_native, id=775, stack(0x00007ffee9536000,0x00007ffee9d36000)]
  0x00007ff4f81da000 JavaThread "Thread-1" daemon [_thread_blocked, id=40455, stack(0x000070000947b000,0x000070000957b000)]
  0x00007ff4f7934000 JavaThread "QuantumRenderer-0" daemon [_thread_blocked, id=16643, stack(0x0000700009378000,0x0000700009478000)]
  0x00007ff4f886d000 JavaThread "Service Thread" daemon [_thread_blocked, id=17411, stack(0x0000700009172000,0x0000700009272000)]
  0x00007ff4f8868000 JavaThread "C1 CompilerThread2" daemon [_thread_blocked, id=17923, stack(0x000070000906f000,0x000070000916f000)]
  0x00007ff4f9080800 JavaThread "C2 CompilerThread1" daemon [_thread_blocked, id=18179, stack(0x0000700008f6c000,0x000070000906c000)]
  0x00007ff4f8867000 JavaThread "C2 CompilerThread0" daemon [_thread_blocked, id=18691, stack(0x0000700008e69000,0x0000700008f69000)]
  0x00007ff4f8825000 JavaThread "Monitor Ctrl-Break" daemon [_thread_in_native, id=19203, stack(0x0000700008d66000,0x0000700008e66000)]
  0x00007ff4f902a000 JavaThread "Signal Dispatcher" daemon [_thread_blocked, id=13827, stack(0x0000700008c63000,0x0000700008d63000)]
  0x00007ff4f8803800 JavaThread "Finalizer" daemon [_thread_blocked, id=20995, stack(0x0000700008a5a000,0x0000700008b5a000)]
  0x00007ff4f780f800 JavaThread "Reference Handler" daemon [_thread_blocked, id=21251, stack(0x0000700008957000,0x0000700008a57000)]
  0x00007ff4f7803800 JavaThread "main" [_thread_blocked, id=3843, stack(0x0000700008345000,0x0000700008445000)]

Other Threads:
  0x00007ff4f9023800 VMThread [stack: 0x0000700008854000,0x0000700008954000] [id=21507]
  0x00007ff4f8034800 WatcherThread [stack: 0x0000700009275000,0x0000700009375000] [id=14595]

VM state:not at safepoint (normal execution)

VM Mutex/Monitor currently owned by a thread: None

Heap:
 PSYoungGen      total 38400K, used 15803K [0x0000000795580000, 0x0000000798000000, 0x00000007c0000000)
  eden space 33280K, 32% used [0x0000000795580000,0x0000000795ff6c80,0x0000000797600000)
  from space 5120K, 99% used [0x0000000797b00000,0x0000000797ff8060,0x0000000798000000)
  to   space 5120K, 0% used [0x0000000797600000,0x0000000797600000,0x0000000797b00000)
 ParOldGen       total 87552K, used 7968K [0x0000000740000000, 0x0000000745580000, 0x0000000795580000)
  object space 87552K, 9% used [0x0000000740000000,0x00000007407c83c0,0x0000000745580000)
 Metaspace       used 18980K, capacity 19850K, committed 20096K, reserved 1067008K
  class space    used 2649K, capacity 2850K, committed 2944K, reserved 1048576K

Card table byte_map: [0x0000000107b67000,0x0000000107f68000] byte_map_base: 0x0000000104167000

Marking Bits: (ParMarkBitMap*) 0x00000001070f35d0
 Begin Bits: [0x0000000108213000, 0x000000010a213000)
 End Bits:   [0x000000010a213000, 0x000000010c213000)

Polling page: 0x0000000105f3c000

CodeCache: size=245760Kb used=6710Kb max_used=6710Kb free=239049Kb
 bounds [0x00000001116a6000, 0x0000000111d46000, 0x00000001206a6000]
 total_blobs=2899 nmethods=2228 adapters=583
 compilation: enabled

Compilation events (10 events):
Event: 117.530 Thread 0x00007ff4f8868000 2244       1       javafx.scene.CssStyleHelper$CacheContainer::access$100 (5 bytes)
Event: 117.530 Thread 0x00007ff4f8868000 nmethod 2244 0x0000000111d19650 code [0x0000000111d197a0, 0x0000000111d19890]
Event: 117.530 Thread 0x00007ff4f8868000 2245       1       javafx.scene.Node::access$5300 (5 bytes)
Event: 117.530 Thread 0x00007ff4f8868000 nmethod 2245 0x0000000111d19390 code [0x0000000111d194e0, 0x0000000111d195d0]
Event: 795.050 Thread 0x00007ff4f8868000 2246       3       javafx.collections.ListChangeListener$Change::<init> (10 bytes)
Event: 795.051 Thread 0x00007ff4f8868000 nmethod 2246 0x0000000111d18f90 code [0x0000000111d19100, 0x0000000111d192d0]
Event: 795.051 Thread 0x00007ff4f8868000 2247       3       com.sun.javafx.collections.ListListenerHelper::fireValueChangedEvent (14 bytes)
Event: 795.052 Thread 0x00007ff4f8868000 nmethod 2247 0x0000000111d18a10 code [0x0000000111d18ba0, 0x0000000111d18e98]
Event: 20892.142 Thread 0x00007ff4f8868000 2248       3       jdk.internal.org.objectweb.asm.AnnotationWriter::put (109 bytes)
Event: 20892.143 Thread 0x00007ff4f8868000 nmethod 2248 0x0000000111d180d0 code [0x0000000111d18280, 0x0000000111d18758]

GC Heap History (4 events):
Event: 2.199 GC heap before
{Heap before GC invocations=1 (full 0):
 PSYoungGen      total 38400K, used 33280K [0x0000000795580000, 0x0000000798000000, 0x00000007c0000000)
  eden space 33280K, 100% used [0x0000000795580000,0x0000000797600000,0x0000000797600000)
  from space 5120K, 0% used [0x0000000797b00000,0x0000000797b00000,0x0000000798000000)
  to   space 5120K, 0% used [0x0000000797600000,0x0000000797600000,0x0000000797b00000)
 ParOldGen       total 87552K, used 0K [0x0000000740000000, 0x0000000745580000, 0x0000000795580000)
  object space 87552K, 0% used [0x0000000740000000,0x0000000740000000,0x0000000745580000)
 Metaspace       used 12378K, capacity 12832K, committed 13056K, reserved 1060864K
  class space    used 1679K, capacity 1791K, committed 1792K, reserved 1048576K
Event: 2.207 GC heap after
Heap after GC invocations=1 (full 0):
 PSYoungGen      total 38400K, used 5088K [0x0000000795580000, 0x0000000798000000, 0x00000007c0000000)
  eden space 33280K, 0% used [0x0000000795580000,0x0000000795580000,0x0000000797600000)
  from space 5120K, 99% used [0x0000000797600000,0x0000000797af8030,0x0000000797b00000)
  to   space 5120K, 0% used [0x0000000797b00000,0x0000000797b00000,0x0000000798000000)
 ParOldGen       total 87552K, used 88K [0x0000000740000000, 0x0000000745580000, 0x0000000795580000)
  object space 87552K, 0% used [0x0000000740000000,0x0000000740016010,0x0000000745580000)
 Metaspace       used 12378K, capacity 12832K, committed 13056K, reserved 1060864K
  class space    used 1679K, capacity 1791K, committed 1792K, reserved 1048576K
}
Event: 18.639 GC heap before
{Heap before GC invocations=2 (full 0):
 PSYoungGen      total 38400K, used 32047K [0x0000000795580000, 0x0000000798000000, 0x00000007c0000000)
  eden space 33280K, 81% used [0x0000000795580000,0x0000000796fd3dc8,0x0000000797600000)
  from space 5120K, 99% used [0x0000000797600000,0x0000000797af8030,0x0000000797b00000)
  to   space 5120K, 0% used [0x0000000797b00000,0x0000000797b00000,0x0000000798000000)
 ParOldGen       total 87552K, used 88K [0x0000000740000000, 0x0000000745580000, 0x0000000795580000)
  object space 87552K, 0% used [0x0000000740000000,0x0000000740016010,0x0000000745580000)
 Metaspace       used 18400K, capacity 19294K, committed 19456K, reserved 1067008K
  class space    used 2597K, capacity 2778K, committed 2816K, reserved 1048576K
Event: 18.650 GC heap after
Heap after GC invocations=2 (full 0):
 PSYoungGen      total 38400K, used 5088K [0x0000000795580000, 0x0000000798000000, 0x00000007c0000000)
  eden space 33280K, 0% used [0x0000000795580000,0x0000000795580000,0x0000000797600000)
  from space 5120K, 99% used [0x0000000797b00000,0x0000000797ff8060,0x0000000798000000)
  to   space 5120K, 0% used [0x0000000797600000,0x0000000797600000,0x0000000797b00000)
 ParOldGen       total 87552K, used 7968K [0x0000000740000000, 0x0000000745580000, 0x0000000795580000)
  object space 87552K, 9% used [0x0000000740000000,0x00000007407c83c0,0x0000000745580000)
 Metaspace       used 18400K, capacity 19294K, committed 19456K, reserved 1067008K
  class space    used 2597K, capacity 2778K, committed 2816K, reserved 1048576K
}

Deoptimization events (10 events):
Event: 3.320 Thread 0x00007ff4f7938000 Uncommon trap: reason=unstable_if action=reinterpret pc=0x0000000111a154f4 method=jdk.internal.org.objectweb.asm.Type.getArgumentsAndReturnSizes(Ljava/lang/String;)I @ 47
Event: 18.577 Thread 0x00007ff4f7938000 Uncommon trap: reason=unstable_if action=reinterpret pc=0x0000000111a55ab0 method=java.io.ByteArrayInputStream.read()I @ 8
Event: 66.724 Thread 0x00007ff4f7938000 Uncommon trap: reason=bimorphic action=maybe_recompile pc=0x0000000111a09954 method=java.io.DataInputStream.readShort()S @ 4
Event: 66.724 Thread 0x00007ff4f7938000 Uncommon trap: reason=bimorphic action=maybe_recompile pc=0x0000000111a09954 method=java.io.DataInputStream.readShort()S @ 4
Event: 66.724 Thread 0x00007ff4f7938000 Uncommon trap: reason=bimorphic action=maybe_recompile pc=0x0000000111a09954 method=java.io.DataInputStream.readShort()S @ 4
Event: 66.724 Thread 0x00007ff4f7938000 Uncommon trap: reason=bimorphic action=maybe_recompile pc=0x0000000111a09954 method=java.io.DataInputStream.readShort()S @ 4
Event: 115.992 Thread 0x00007ff4f7938000 Uncommon trap: reason=class_check action=maybe_recompile pc=0x0000000111cf25d4 method=javafx.scene.CssStyleHelper.resolveRef(Ljavafx/css/Styleable;Ljava/lang/String;Lcom/sun/javafx/css/StyleMap;Ljava/util/Set;)Lcom/sun/javafx/css/CascadingStyle; @ 91
Event: 115.992 Thread 0x00007ff4f7938000 Uncommon trap: reason=class_check action=maybe_recompile pc=0x0000000111cf25d4 method=javafx.scene.CssStyleHelper.resolveRef(Ljavafx/css/Styleable;Ljava/lang/String;Lcom/sun/javafx/css/StyleMap;Ljava/util/Set;)Lcom/sun/javafx/css/CascadingStyle; @ 91
Event: 115.992 Thread 0x00007ff4f7938000 Uncommon trap: reason=class_check action=maybe_recompile pc=0x0000000111cf25d4 method=javafx.scene.CssStyleHelper.resolveRef(Ljavafx/css/Styleable;Ljava/lang/String;Lcom/sun/javafx/css/StyleMap;Ljava/util/Set;)Lcom/sun/javafx/css/CascadingStyle; @ 91
Event: 115.992 Thread 0x00007ff4f7938000 Uncommon trap: reason=class_check action=maybe_recompile pc=0x0000000111cf25d4 method=javafx.scene.CssStyleHelper.resolveRef(Ljavafx/css/Styleable;Ljava/lang/String;Lcom/sun/javafx/css/StyleMap;Ljava/util/Set;)Lcom/sun/javafx/css/CascadingStyle; @ 91

Internal exceptions (10 events):
Event: 0.418 Thread 0x00007ff4f7803800 Exception <a 'java/security/PrivilegedActionException'> (0x0000000795a5a508) thrown at [/Users/java_re/workspace/8-2-build-macosx-x86_64/jdk8u144/9417/hotspot/src/share/vm/prims/jvm.cpp, line 1390]
Event: 0.418 Thread 0x00007ff4f7803800 Exception <a 'java/lang/NullPointerException'> (0x0000000795a5b128) thrown at [/Users/java_re/workspace/8-2-build-macosx-x86_64/jdk8u144/9417/hotspot/src/share/vm/interpreter/linkResolver.cpp, line 1197]
Event: 1.231 Thread 0x00007ff4f7938000 Exception <a 'java/lang/NullPointerException'> (0x0000000796abda58) thrown at [/Users/java_re/workspace/8-2-build-macosx-x86_64/jdk8u144/9417/hotspot/src/share/vm/interpreter/linkResolver.cpp, line 1197]
Event: 1.231 Thread 0x00007ff4f7938000 Exception <a 'java/lang/NullPointerException'> (0x0000000796abda58) thrown at [/Users/java_re/workspace/8-2-build-macosx-x86_64/jdk8u144/9417/hotspot/src/share/vm/prims/jvm.cpp, line 1394]
Event: 1.971 Thread 0x00007ff4f7938000 Exception <a 'java/lang/ArrayIndexOutOfBoundsException': 58> (0x0000000796f7d990) thrown at [/Users/java_re/workspace/8-2-build-macosx-x86_64/jdk8u144/9417/hotspot/src/share/vm/interpreter/interpreterRuntime.cpp, line 366]
Event: 1.972 Thread 0x00007ff4f7938000 Exception <a 'java/lang/ArrayIndexOutOfBoundsException': 18> (0x0000000796f82628) thrown at [/Users/java_re/workspace/8-2-build-macosx-x86_64/jdk8u144/9417/hotspot/src/share/vm/interpreter/interpreterRuntime.cpp, line 366]
Event: 1.972 Thread 0x00007ff4f7938000 Exception <a 'java/lang/ArrayIndexOutOfBoundsException'> (0x0000000796f844d0) thrown at [/Users/java_re/workspace/8-2-build-macosx-x86_64/jdk8u144/9417/hotspot/src/share/vm/runtime/sharedRuntime.cpp, line 605]
Event: 2.225 Thread 0x00007ff4f7938000 Implicit null exception at 0x000000011197dd35 to 0x000000011197e0f1
Event: 2.725 Thread 0x00007ff4f7938000 Implicit null exception at 0x000000011198b635 to 0x000000011198b871
Event: 2.725 Thread 0x00007ff4f7938000 Implicit null exception at 0x000000011196f7fb to 0x000000011196ffc5

Events (10 events):
Event: 20892.130 loading class com/sun/javafx/tk/quantum/WindowStage
Event: 20892.130 loading class com/sun/javafx/tk/quantum/WindowStage done
Event: 20892.136 loading class com/sun/prism/GraphicsResource
Event: 20892.136 loading class com/sun/prism/GraphicsResource done
Event: 20892.136 loading class com/sun/prism/GraphicsResource
Event: 20892.136 loading class com/sun/prism/GraphicsResource done
Event: 20892.138 loading class com/sun/javafx/tk/quantum/ViewScene
Event: 20892.138 loading class com/sun/javafx/tk/quantum/ViewScene done
Event: 20892.141 loading class com/sun/javafx/tk/quantum/WindowStage
Event: 20892.141 loading class com/sun/javafx/tk/quantum/WindowStage done


Dynamic libraries:
0x00000000029aa000 	/System/Library/Frameworks/Cocoa.framework/Versions/A/Cocoa
0x00000000029aa000 	/System/Library/Frameworks/Security.framework/Versions/A/Security
0x00000000029aa000 	/System/Library/Frameworks/ApplicationServices.framework/Versions/A/ApplicationServices
0x00000000029aa000 	/usr/lib/libz.1.dylib
0x00000000029aa000 	/usr/lib/libSystem.B.dylib
0x00000000029aa000 	/usr/lib/libobjc.A.dylib
0x00000000029aa000 	/System/Library/Frameworks/CoreFoundation.framework/Versions/A/CoreFoundation
0x00000000029aa000 	/System/Library/Frameworks/Foundation.framework/Versions/C/Foundation
0x00000000029aa000 	/System/Library/Frameworks/AppKit.framework/Versions/C/AppKit
0x00000000029aa000 	/System/Library/Frameworks/CoreData.framework/Versions/A/CoreData
0x00000000029aa000 	/System/Library/PrivateFrameworks/UIFoundation.framework/Versions/A/UIFoundation
0x00000000029aa000 	/System/Library/PrivateFrameworks/RemoteViewServices.framework/Versions/A/RemoteViewServices
0x00000000029aa000 	/System/Library/PrivateFrameworks/XCTTargetBootstrap.framework/Versions/A/XCTTargetBootstrap
0x00000000029aa000 	/System/Library/Frameworks/CoreDisplay.framework/Versions/A/CoreDisplay
0x00000000029aa000 	/System/Library/Frameworks/Metal.framework/Versions/A/Metal
0x00000000029aa000 	/System/Library/PrivateFrameworks/DesktopServicesPriv.framework/Versions/A/DesktopServicesPriv
0x00000000029aa000 	/usr/lib/liblangid.dylib
0x00000000029aa000 	/System/Library/PrivateFrameworks/CoreSVG.framework/Versions/A/CoreSVG
0x00000000029aa000 	/System/Library/PrivateFrameworks/SkyLight.framework/Versions/A/SkyLight
0x00000000029aa000 	/System/Library/Frameworks/CoreGraphics.framework/Versions/A/CoreGraphics
0x00000000029aa000 	/System/Library/Frameworks/Accelerate.framework/Versions/A/Accelerate
0x00000000029aa000 	/usr/lib/libxml2.2.dylib
0x00000000029aa000 	/System/Library/PrivateFrameworks/IconServices.framework/Versions/A/IconServices
0x00000000029aa000 	/System/Library/Frameworks/IOSurface.framework/Versions/A/IOSurface
0x00000000029aa000 	/usr/lib/libDiagnosticMessagesClient.dylib
0x00000000029aa000 	/System/Library/PrivateFrameworks/DFRFoundation.framework/Versions/A/DFRFoundation
0x00000000029aa000 	/usr/lib/libicucore.A.dylib
0x00000000029aa000 	/System/Library/Frameworks/AudioToolbox.framework/Versions/A/AudioToolbox
0x00000000029aa000 	/System/Library/Frameworks/AudioUnit.framework/Versions/A/AudioUnit
0x00000000029aa000 	/usr/lib/libauto.dylib
0x00000000029aa000 	/System/Library/PrivateFrameworks/DataDetectorsCore.framework/Versions/A/DataDetectorsCore
0x00000000029aa000 	/System/Library/Frameworks/Carbon.framework/Versions/A/Frameworks/HIToolbox.framework/Versions/A/HIToolbox
0x00000000029aa000 	/System/Library/Frameworks/QuartzCore.framework/Versions/A/QuartzCore
0x00000000029aa000 	/System/Library/Frameworks/Carbon.framework/Versions/A/Frameworks/SpeechRecognition.framework/Versions/A/SpeechRecognition
0x00000000029aa000 	/System/Library/PrivateFrameworks/CoreUI.framework/Versions/A/CoreUI
0x00000000029aa000 	/System/Library/Frameworks/CoreAudio.framework/Versions/A/CoreAudio
0x00000000029aa000 	/System/Library/Frameworks/DiskArbitration.framework/Versions/A/DiskArbitration
0x00000000029aa000 	/System/Library/PrivateFrameworks/MultitouchSupport.framework/Versions/A/MultitouchSupport
0x00000000029aa000 	/usr/lib/libenergytrace.dylib
0x00000000029aa000 	/System/Library/Frameworks/IOKit.framework/Versions/A/IOKit
0x00000000029aa000 	/System/Library/Frameworks/CoreServices.framework/Versions/A/CoreServices
0x00000000029aa000 	/System/Library/PrivateFrameworks/PerformanceAnalysis.framework/Versions/A/PerformanceAnalysis
0x00000000029aa000 	/System/Library/Frameworks/OpenGL.framework/Versions/A/OpenGL
0x00000000029aa000 	/System/Library/Frameworks/ColorSync.framework/Versions/A/ColorSync
0x00000000029aa000 	/System/Library/Frameworks/CoreImage.framework/Versions/A/CoreImage
0x00000000029aa000 	/System/Library/Frameworks/CoreText.framework/Versions/A/CoreText
0x00000000029aa000 	/System/Library/Frameworks/ImageIO.framework/Versions/A/ImageIO
0x00000000029aa000 	/usr/lib/libc++.1.dylib
0x00000000029aa000 	/usr/lib/libcompression.dylib
0x00000000029aa000 	/System/Library/PrivateFrameworks/TextureIO.framework/Versions/A/TextureIO
0x00000000029aa000 	/usr/lib/libate.dylib
0x00000000029aa000 	/System/Library/PrivateFrameworks/InternationalSupport.framework/Versions/A/InternationalSupport
0x00000000029aa000 	/usr/lib/system/libcache.dylib
0x00000000029aa000 	/usr/lib/system/libcommonCrypto.dylib
0x00000000029aa000 	/usr/lib/system/libcompiler_rt.dylib
0x00000000029aa000 	/usr/lib/system/libcopyfile.dylib
0x00000000029aa000 	/usr/lib/system/libcorecrypto.dylib
0x00000000029aa000 	/usr/lib/system/libdispatch.dylib
0x00000000029aa000 	/usr/lib/system/libdyld.dylib
0x00000000029aa000 	/usr/lib/system/libkeymgr.dylib
0x00000000029aa000 	/usr/lib/system/liblaunch.dylib
0x00000000029aa000 	/usr/lib/system/libmacho.dylib
0x00000000029aa000 	/usr/lib/system/libquarantine.dylib
0x00000000029aa000 	/usr/lib/system/libremovefile.dylib
0x00000000029aa000 	/usr/lib/system/libsystem_asl.dylib
0x00000000029aa000 	/usr/lib/system/libsystem_blocks.dylib
0x00000000029aa000 	/usr/lib/system/libsystem_c.dylib
0x00000000029aa000 	/usr/lib/system/libsystem_configuration.dylib
0x00000000029aa000 	/usr/lib/system/libsystem_coreservices.dylib
0x00000000029aa000 	/usr/lib/system/libsystem_darwin.dylib
0x00000000029aa000 	/usr/lib/system/libsystem_dnssd.dylib
0x00000000029aa000 	/usr/lib/system/libsystem_featureflags.dylib
0x00000000029aa000 	/usr/lib/system/libsystem_info.dylib
0x00000000029aa000 	/usr/lib/system/libsystem_m.dylib
0x00000000029aa000 	/usr/lib/system/libsystem_malloc.dylib
0x00000000029aa000 	/usr/lib/system/libsystem_networkextension.dylib
0x00000000029aa000 	/usr/lib/system/libsystem_notify.dylib
0x00000000029aa000 	/usr/lib/system/libsystem_sandbox.dylib
0x00000000029aa000 	/usr/lib/system/libsystem_secinit.dylib
0x00000000029aa000 	/usr/lib/system/libsystem_kernel.dylib
0x00000000029aa000 	/usr/lib/system/libsystem_platform.dylib
0x00000000029aa000 	/usr/lib/system/libsystem_pthread.dylib
0x00000000029aa000 	/usr/lib/system/libsystem_symptoms.dylib
0x00000000029aa000 	/usr/lib/system/libsystem_trace.dylib
0x00000000029aa000 	/usr/lib/system/libunwind.dylib
0x00000000029aa000 	/usr/lib/system/libxpc.dylib
0x00000000029aa000 	/usr/lib/libc++abi.dylib
0x00000000029aa000 	/usr/lib/liblzma.5.dylib
0x00000000029aa000 	/usr/lib/libfakelink.dylib
0x00000000029aa000 	/usr/lib/libarchive.2.dylib
0x00000000029aa000 	/System/Library/Frameworks/SystemConfiguration.framework/Versions/A/SystemConfiguration
0x00000000029aa000 	/usr/lib/libCRFSuite.dylib
0x00000000029aa000 	/System/Library/Frameworks/CFNetwork.framework/Versions/A/CFNetwork
0x00000000029aa000 	/usr/lib/libbsm.0.dylib
0x00000000029aa000 	/usr/lib/system/libkxld.dylib
0x00000000029aa000 	/System/Library/PrivateFrameworks/AppleFSCompression.framework/Versions/A/AppleFSCompression
0x00000000029aa000 	/usr/lib/libcoretls.dylib
0x00000000029aa000 	/usr/lib/libcoretls_cfhelpers.dylib
0x00000000029aa000 	/usr/lib/libpam.2.dylib
0x00000000029aa000 	/usr/lib/libsqlite3.dylib
0x00000000029aa000 	/usr/lib/libxar.1.dylib
0x00000000029aa000 	/usr/lib/libbz2.1.0.dylib
0x00000000029aa000 	/usr/lib/libiconv.2.dylib
0x00000000029aa000 	/usr/lib/libcharset.1.dylib
0x00000000029aa000 	/usr/lib/libnetwork.dylib
0x00000000029aa000 	/usr/lib/libpcap.A.dylib
0x00000000029aa000 	/usr/lib/libapple_nghttp2.dylib
0x00000000029aa000 	/System/Library/Frameworks/CoreServices.framework/Versions/A/Frameworks/FSEvents.framework/Versions/A/FSEvents
0x00000000029aa000 	/System/Library/Frameworks/CoreServices.framework/Versions/A/Frameworks/CarbonCore.framework/Versions/A/CarbonCore
0x00000000029aa000 	/System/Library/Frameworks/CoreServices.framework/Versions/A/Frameworks/Metadata.framework/Versions/A/Metadata
0x00000000029aa000 	/System/Library/Frameworks/CoreServices.framework/Versions/A/Frameworks/OSServices.framework/Versions/A/OSServices
0x00000000029aa000 	/System/Library/Frameworks/CoreServices.framework/Versions/A/Frameworks/SearchKit.framework/Versions/A/SearchKit
0x00000000029aa000 	/System/Library/Frameworks/CoreServices.framework/Versions/A/Frameworks/AE.framework/Versions/A/AE
0x00000000029aa000 	/System/Library/Frameworks/CoreServices.framework/Versions/A/Frameworks/LaunchServices.framework/Versions/A/LaunchServices
0x00000000029aa000 	/System/Library/Frameworks/CoreServices.framework/Versions/A/Frameworks/DictionaryServices.framework/Versions/A/DictionaryServices
0x00000000029aa000 	/System/Library/Frameworks/CoreServices.framework/Versions/A/Frameworks/SharedFileList.framework/Versions/A/SharedFileList
0x00000000029aa000 	/System/Library/Frameworks/NetFS.framework/Versions/A/NetFS
0x00000000029aa000 	/System/Library/PrivateFrameworks/NetAuth.framework/Versions/A/NetAuth
0x00000000029aa000 	/System/Library/PrivateFrameworks/login.framework/Versions/A/Frameworks/loginsupport.framework/Versions/A/loginsupport
0x00000000029aa000 	/System/Library/PrivateFrameworks/TCC.framework/Versions/A/TCC
0x00000000029aa000 	/System/Library/PrivateFrameworks/CoreNLP.framework/Versions/A/CoreNLP
0x00000000029aa000 	/System/Library/PrivateFrameworks/MetadataUtilities.framework/Versions/A/MetadataUtilities
0x00000000029aa000 	/usr/lib/libmecabra.dylib
0x00000000029aa000 	/usr/lib/libmecab.dylib
0x00000000029aa000 	/usr/lib/libgermantok.dylib
0x00000000029aa000 	/usr/lib/libThaiTokenizer.dylib
0x00000000029aa000 	/usr/lib/libChineseTokenizer.dylib
0x00000000029aa000 	/System/Library/Frameworks/Accelerate.framework/Versions/A/Frameworks/vImage.framework/Versions/A/vImage
0x00000000029aa000 	/System/Library/Frameworks/Accelerate.framework/Versions/A/Frameworks/vecLib.framework/Versions/A/vecLib
0x00000000029aa000 	/System/Library/Frameworks/Accelerate.framework/Versions/A/Frameworks/vecLib.framework/Versions/A/libvMisc.dylib
0x00000000029aa000 	/System/Library/Frameworks/Accelerate.framework/Versions/A/Frameworks/vecLib.framework/Versions/A/libvDSP.dylib
0x00000000029aa000 	/System/Library/Frameworks/Accelerate.framework/Versions/A/Frameworks/vecLib.framework/Versions/A/libBLAS.dylib
0x00000000029aa000 	/System/Library/Frameworks/Accelerate.framework/Versions/A/Frameworks/vecLib.framework/Versions/A/libLAPACK.dylib
0x00000000029aa000 	/System/Library/Frameworks/Accelerate.framework/Versions/A/Frameworks/vecLib.framework/Versions/A/libLinearAlgebra.dylib
0x00000000029aa000 	/System/Library/Frameworks/Accelerate.framework/Versions/A/Frameworks/vecLib.framework/Versions/A/libSparseBLAS.dylib
0x00000000029aa000 	/System/Library/Frameworks/Accelerate.framework/Versions/A/Frameworks/vecLib.framework/Versions/A/libQuadrature.dylib
0x00000000029aa000 	/System/Library/Frameworks/Accelerate.framework/Versions/A/Frameworks/vecLib.framework/Versions/A/libBNNS.dylib
0x00000000029aa000 	/System/Library/Frameworks/Accelerate.framework/Versions/A/Frameworks/vecLib.framework/Versions/A/libSparse.dylib
0x00000000029aa000 	/System/Library/PrivateFrameworks/LanguageModeling.framework/Versions/A/LanguageModeling
0x00000000029aa000 	/System/Library/PrivateFrameworks/CoreEmoji.framework/Versions/A/CoreEmoji
0x00000000029aa000 	/System/Library/PrivateFrameworks/LinguisticData.framework/Versions/A/LinguisticData
0x00000000029aa000 	/System/Library/PrivateFrameworks/Lexicon.framework/Versions/A/Lexicon
0x00000000029aa000 	/usr/lib/libcmph.dylib
0x00000000029aa000 	/System/Library/Frameworks/OpenDirectory.framework/Versions/A/Frameworks/CFOpenDirectory.framework/Versions/A/CFOpenDirectory
0x00000000029aa000 	/System/Library/Frameworks/OpenDirectory.framework/Versions/A/OpenDirectory
0x00000000029aa000 	/System/Library/PrivateFrameworks/APFS.framework/Versions/A/APFS
0x00000000029aa000 	/System/Library/Frameworks/SecurityFoundation.framework/Versions/A/SecurityFoundation
0x00000000029aa000 	/usr/lib/libutil.dylib
0x00000000029aa000 	/System/Library/PrivateFrameworks/CoreServicesStore.framework/Versions/A/CoreServicesStore
0x00000000029aa000 	/System/Library/Frameworks/ServiceManagement.framework/Versions/A/ServiceManagement
0x00000000029aa000 	/System/Library/PrivateFrameworks/BackgroundTaskManagement.framework/Versions/A/BackgroundTaskManagement
0x00000000029aa000 	/usr/lib/libxslt.1.dylib
0x00000000029aa000 	/System/Library/Frameworks/ImageIO.framework/Versions/A/Resources/libJPEG.dylib
0x00000000029aa000 	/System/Library/Frameworks/ImageIO.framework/Versions/A/Resources/libTIFF.dylib
0x00000000029aa000 	/System/Library/Frameworks/ImageIO.framework/Versions/A/Resources/libPng.dylib
0x00000000029aa000 	/System/Library/Frameworks/ImageIO.framework/Versions/A/Resources/libGIF.dylib
0x00000000029aa000 	/System/Library/Frameworks/ImageIO.framework/Versions/A/Resources/libJP2.dylib
0x00000000029aa000 	/System/Library/Frameworks/ImageIO.framework/Versions/A/Resources/libRadiance.dylib
0x00000000029aa000 	/usr/lib/libexpat.1.dylib
0x00000000029aa000 	/System/Library/PrivateFrameworks/AppleJPEG.framework/Versions/A/AppleJPEG
0x00000000029aa000 	/System/Library/PrivateFrameworks/WatchdogClient.framework/Versions/A/WatchdogClient
0x00000000029aa000 	/System/Library/PrivateFrameworks/IOAccelerator.framework/Versions/A/IOAccelerator
0x00000000029aa000 	/System/Library/Frameworks/MetalPerformanceShaders.framework/Versions/A/MetalPerformanceShaders
0x00000000029aa000 	/System/Library/PrivateFrameworks/GPUWrangler.framework/Versions/A/GPUWrangler
0x00000000029aa000 	/System/Library/PrivateFrameworks/IOPresentment.framework/Versions/A/IOPresentment
0x00000000029aa000 	/System/Library/PrivateFrameworks/DSExternalDisplay.framework/Versions/A/DSExternalDisplay
0x00000000029aa000 	/System/Library/Frameworks/OpenGL.framework/Versions/A/Libraries/libCoreFSCache.dylib
0x00000000029aa000 	/System/Library/Frameworks/MetalPerformanceShaders.framework/Frameworks/MPSCore.framework/Versions/A/MPSCore
0x00000000029aa000 	/System/Library/Frameworks/MetalPerformanceShaders.framework/Frameworks/MPSImage.framework/Versions/A/MPSImage
0x00000000029aa000 	/System/Library/Frameworks/MetalPerformanceShaders.framework/Frameworks/MPSNeuralNetwork.framework/Versions/A/MPSNeuralNetwork
0x00000000029aa000 	/System/Library/Frameworks/MetalPerformanceShaders.framework/Frameworks/MPSMatrix.framework/Versions/A/MPSMatrix
0x00000000029aa000 	/System/Library/Frameworks/MetalPerformanceShaders.framework/Frameworks/MPSRayIntersector.framework/Versions/A/MPSRayIntersector
0x00000000029aa000 	/System/Library/Frameworks/MetalPerformanceShaders.framework/Frameworks/MPSNDArray.framework/Versions/A/MPSNDArray
0x00000000029aa000 	/System/Library/PrivateFrameworks/MetalTools.framework/Versions/A/MetalTools
0x00000000029aa000 	/System/Library/PrivateFrameworks/AggregateDictionary.framework/Versions/A/AggregateDictionary
0x00000000029aa000 	/System/Library/PrivateFrameworks/CoreAnalytics.framework/Versions/A/CoreAnalytics
0x00000000029aa000 	/System/Library/PrivateFrameworks/AppleSauce.framework/Versions/A/AppleSauce
0x00000000029aa000 	/usr/lib/libMobileGestalt.dylib
0x00000000029aa000 	/System/Library/Frameworks/CoreVideo.framework/Versions/A/CoreVideo
0x00000000029aa000 	/System/Library/PrivateFrameworks/GraphVisualizer.framework/Versions/A/GraphVisualizer
0x00000000029aa000 	/System/Library/PrivateFrameworks/FaceCore.framework/Versions/A/FaceCore
0x00000000029aa000 	/System/Library/Frameworks/OpenCL.framework/Versions/A/OpenCL
0x00000000029aa000 	/usr/lib/libFosl_dynamic.dylib
0x00000000029aa000 	/System/Library/PrivateFrameworks/OTSVG.framework/Versions/A/OTSVG
0x00000000029aa000 	/System/Library/PrivateFrameworks/FontServices.framework/libFontParser.dylib
0x00000000029aa000 	/System/Library/Frameworks/ApplicationServices.framework/Versions/A/Frameworks/ATS.framework/Versions/A/Resources/libFontRegistry.dylib
0x00000000029aa000 	/System/Library/PrivateFrameworks/FontServices.framework/libhvf.dylib
0x00000000029aa000 	/System/Library/Frameworks/OpenGL.framework/Versions/A/Libraries/libGFXShared.dylib
0x00000000029aa000 	/System/Library/Frameworks/OpenGL.framework/Versions/A/Libraries/libGLU.dylib
0x00000000029aa000 	/System/Library/Frameworks/OpenGL.framework/Versions/A/Libraries/libGL.dylib
0x00000000029aa000 	/System/Library/Frameworks/OpenGL.framework/Versions/A/Libraries/libGLImage.dylib
0x00000000029aa000 	/System/Library/Frameworks/OpenGL.framework/Versions/A/Libraries/libCVMSPluginSupport.dylib
0x00000000029aa000 	/System/Library/Frameworks/OpenGL.framework/Versions/A/Libraries/libCoreVMClient.dylib
0x00000000029aa000 	/usr/lib/libncurses.5.4.dylib
0x00000000029aa000 	/System/Library/Frameworks/ApplicationServices.framework/Versions/A/Frameworks/ATS.framework/Versions/A/ATS
0x00000000029aa000 	/System/Library/Frameworks/ApplicationServices.framework/Versions/A/Frameworks/ColorSyncLegacy.framework/Versions/A/ColorSyncLegacy
0x00000000029aa000 	/System/Library/Frameworks/ApplicationServices.framework/Versions/A/Frameworks/HIServices.framework/Versions/A/HIServices
0x00000000029aa000 	/System/Library/Frameworks/ApplicationServices.framework/Versions/A/Frameworks/LangAnalysis.framework/Versions/A/LangAnalysis
0x00000000029aa000 	/System/Library/Frameworks/ApplicationServices.framework/Versions/A/Frameworks/PrintCore.framework/Versions/A/PrintCore
0x00000000029aa000 	/System/Library/Frameworks/ApplicationServices.framework/Versions/A/Frameworks/QD.framework/Versions/A/QD
0x00000000029aa000 	/System/Library/Frameworks/ApplicationServices.framework/Versions/A/Frameworks/SpeechSynthesis.framework/Versions/A/SpeechSynthesis
0x00000000029aa000 	/System/Library/Frameworks/ApplicationServices.framework/Versions/A/Frameworks/ATSUI.framework/Versions/A/ATSUI
0x00000000029aa000 	/usr/lib/libcups.2.dylib
0x00000000029aa000 	/System/Library/Frameworks/Kerberos.framework/Versions/A/Kerberos
0x00000000029aa000 	/System/Library/Frameworks/GSS.framework/Versions/A/GSS
0x00000000029aa000 	/usr/lib/libresolv.9.dylib
0x00000000029aa000 	/System/Library/PrivateFrameworks/Heimdal.framework/Versions/A/Heimdal
0x00000000029aa000 	/System/Library/Frameworks/Kerberos.framework/Versions/A/Libraries/libHeimdalProxy.dylib
0x00000000029aa000 	/usr/lib/libheimdal-asn1.dylib
0x00000000029aa000 	/System/Library/PrivateFrameworks/CommonAuth.framework/Versions/A/CommonAuth
0x00000000029aa000 	/System/Library/PrivateFrameworks/AssertionServices.framework/Versions/A/AssertionServices
0x00000000029aa000 	/System/Library/PrivateFrameworks/AudioToolboxCore.framework/Versions/A/AudioToolboxCore
0x00000000029aa000 	/System/Library/PrivateFrameworks/caulk.framework/Versions/A/caulk
0x00000000029aa000 	/System/Library/PrivateFrameworks/BaseBoard.framework/Versions/A/BaseBoard
0x00000000029aa000 	/System/Library/PrivateFrameworks/RunningBoardServices.framework/Versions/A/RunningBoardServices
0x00000000029aa000 	/System/Library/PrivateFrameworks/PersistentConnection.framework/Versions/A/PersistentConnection
0x00000000029aa000 	/System/Library/PrivateFrameworks/ProtocolBuffer.framework/Versions/A/ProtocolBuffer
0x00000000029aa000 	/System/Library/PrivateFrameworks/CommonUtilities.framework/Versions/A/CommonUtilities
0x00000000029aa000 	/System/Library/PrivateFrameworks/Bom.framework/Versions/A/Bom
0x00000000029aa000 	/usr/lib/libAudioToolboxUtility.dylib
0x00000000029aa000 	/System/Library/PrivateFrameworks/Backup.framework/Versions/A/Backup
0x00000000029aa000 	/System/Library/PrivateFrameworks/CrashReporterSupport.framework/Versions/A/CrashReporterSupport
0x00000000029aa000 	/System/Library/PrivateFrameworks/Sharing.framework/Versions/A/Sharing
0x00000000029aa000 	/System/Library/PrivateFrameworks/Apple80211.framework/Versions/A/Apple80211
0x00000000029aa000 	/System/Library/PrivateFrameworks/AuthKit.framework/Versions/A/AuthKit
0x00000000029aa000 	/System/Library/PrivateFrameworks/CoreUtils.framework/Versions/A/CoreUtils
0x00000000029aa000 	/System/Library/Frameworks/CoreWLAN.framework/Versions/A/CoreWLAN
0x00000000029aa000 	/System/Library/Frameworks/IOBluetooth.framework/Versions/A/IOBluetooth
0x00000000029aa000 	/usr/lib/libIOReport.dylib
0x00000000029aa000 	/System/Library/PrivateFrameworks/MobileKeyBag.framework/Versions/A/MobileKeyBag
0x00000000029aa000 	/System/Library/PrivateFrameworks/CorePhoneNumbers.framework/Versions/A/CorePhoneNumbers
0x00000000029aa000 	/System/Library/PrivateFrameworks/AppleIDAuthSupport.framework/Versions/A/AppleIDAuthSupport
0x00000000029aa000 	/System/Library/Frameworks/Network.framework/Versions/A/Network
0x00000000029aa000 	/System/Library/PrivateFrameworks/KeychainCircle.framework/Versions/A/KeychainCircle
0x00000000029aa000 	/System/Library/Frameworks/CoreBluetooth.framework/Versions/A/CoreBluetooth
0x00000000029aa000 	/System/Library/PrivateFrameworks/SpeechRecognitionCore.framework/Versions/A/SpeechRecognitionCore
0x0000000106800000 	/Library/Java/JavaVirtualMachines/jdk1.8.0_144.jdk/Contents/Home/jre/lib/server/libjvm.dylib
0x00000000029aa000 	/usr/lib/libstdc++.6.dylib
0x0000000105ef9000 	/Library/Java/JavaVirtualMachines/jdk1.8.0_144.jdk/Contents/Home/jre/lib/libverify.dylib
0x0000000105f07000 	/Library/Java/JavaVirtualMachines/jdk1.8.0_144.jdk/Contents/Home/jre/lib/libjava.dylib
0x0000000105f3d000 	/Library/Java/JavaVirtualMachines/jdk1.8.0_144.jdk/Contents/Home/jre/lib/libinstrument.dylib
0x0000000105fdb000 	/Library/Java/JavaVirtualMachines/jdk1.8.0_144.jdk/Contents/Home/jre/lib/libzip.dylib
0x00000000029aa000 	/System/Library/Frameworks/JavaVM.framework/Versions/A/Frameworks/JavaRuntimeSupport.framework/Versions/A/JavaRuntimeSupport
0x00000000029aa000 	/System/Library/Frameworks/JavaVM.framework/Versions/A/Frameworks/JavaNativeFoundation.framework/Versions/A/JavaNativeFoundation
0x00000000029aa000 	/System/Library/Frameworks/JavaVM.framework/Versions/A/JavaVM
0x00000000029aa000 	/System/Library/Frameworks/Carbon.framework/Versions/A/Carbon
0x00000000029aa000 	/System/Library/PrivateFrameworks/CoreSymbolication.framework/Versions/A/CoreSymbolication
0x00000000029aa000 	/System/Library/PrivateFrameworks/JavaLaunching.framework/Versions/A/JavaLaunching
0x00000000029aa000 	/System/Library/Frameworks/Carbon.framework/Versions/A/Frameworks/CommonPanels.framework/Versions/A/CommonPanels
0x00000000029aa000 	/System/Library/Frameworks/Carbon.framework/Versions/A/Frameworks/Help.framework/Versions/A/Help
0x00000000029aa000 	/System/Library/Frameworks/Carbon.framework/Versions/A/Frameworks/ImageCapture.framework/Versions/A/ImageCapture
0x00000000029aa000 	/System/Library/Frameworks/Carbon.framework/Versions/A/Frameworks/OpenScripting.framework/Versions/A/OpenScripting
0x00000000029aa000 	/System/Library/Frameworks/Carbon.framework/Versions/A/Frameworks/Ink.framework/Versions/A/Ink
0x00000000029aa000 	/System/Library/Frameworks/Carbon.framework/Versions/A/Frameworks/Print.framework/Versions/A/Print
0x00000000029aa000 	/System/Library/Frameworks/Carbon.framework/Versions/A/Frameworks/SecurityHI.framework/Versions/A/SecurityHI
0x00000000029aa000 	/System/Library/PrivateFrameworks/DebugSymbols.framework/Versions/A/DebugSymbols
0x00000001100e0000 	/Library/Java/JavaVirtualMachines/jdk1.8.0_144.jdk/Contents/Home/jre/lib/libnet.dylib
0x00000001102de000 	/Library/Java/JavaVirtualMachines/jdk1.8.0_144.jdk/Contents/Home/jre/lib/libprism_es2.dylib
0x00000000029aa000 	/System/Library/PrivateFrameworks/CoreServicesInternal.framework/Versions/A/CoreServicesInternal
0x00000000029aa000 	/System/Library/Frameworks/OpenGL.framework/Versions/A/Resources/GLEngine.bundle/GLEngine
0x00000000029aa000 	/System/Library/Frameworks/OpenGL.framework/Versions/A/Libraries/libGLProgrammability.dylib
0x00000000029aa000 	/System/Library/Extensions/AppleIntelHD5000GraphicsGLDriver.bundle/Contents/MacOS/AppleIntelHD5000GraphicsGLDriver
0x00000000029aa000 	/System/Library/PrivateFrameworks/GPUSupport.framework/Versions/A/Libraries/libGPUSupportMercury.dylib
0x00000000029aa000 	/System/Library/Frameworks/OpenGL.framework/Versions/A/Resources/GLRendererFloat.bundle/GLRendererFloat
0x00000000029aa000 	/System/Library/Frameworks/OpenCL.framework/Versions/A/Libraries/libcldcpuengine.dylib
0x00000000029aa000 	/usr/lib/libcrypto.35.dylib
0x00000000029aa000 	/System/Library/PrivateFrameworks/TrustEvaluationAgent.framework/Versions/A/TrustEvaluationAgent
0x000000011081e000 	/Library/Java/JavaVirtualMachines/jdk1.8.0_144.jdk/Contents/Home/jre/lib/libglass.dylib
0x00000000029aa000 	/System/Library/Frameworks/FileProvider.framework/Versions/A/FileProvider
0x00000000029aa000 	/System/Library/PrivateFrameworks/GenerationalStorage.framework/Versions/A/GenerationalStorage
0x00000000029aa000 	/System/Library/PrivateFrameworks/SymptomDiagnosticReporter.framework/Versions/A/SymptomDiagnosticReporter
0x00000000029aa000 	/System/Library/PrivateFrameworks/UserManagement.framework/Versions/A/UserManagement
0x00000000029aa000 	/System/Library/PrivateFrameworks/ChunkingLibrary.framework/Versions/A/ChunkingLibrary
0x00000000029aa000 	/System/Library/CoreServices/RawCamera.bundle/Contents/MacOS/RawCamera
0x00000000029aa000 	/System/Library/PrivateFrameworks/MobileAsset.framework/Versions/A/MobileAsset
0x00000000029aa000 	/System/Library/PrivateFrameworks/StreamingZip.framework/Versions/A/StreamingZip
0x00000000029aa000 	/System/Library/Frameworks/MediaToolbox.framework/Versions/A/MediaToolbox
0x00000000029aa000 	/System/Library/PrivateFrameworks/CoreAVCHD.framework/Versions/A/CoreAVCHD
0x00000000029aa000 	/System/Library/Frameworks/MediaAccessibility.framework/Versions/A/MediaAccessibility
0x00000000029aa000 	/System/Library/PrivateFrameworks/Mangrove.framework/Versions/A/Mangrove
0x00000000029aa000 	/System/Library/Frameworks/CoreMedia.framework/Versions/A/CoreMedia
0x00000000029aa000 	/System/Library/PrivateFrameworks/MediaExperience.framework/Versions/A/MediaExperience
0x00000000029aa000 	/System/Library/Frameworks/VideoToolbox.framework/Versions/A/VideoToolbox
0x00000000029aa000 	/System/Library/PrivateFrameworks/CoreAUC.framework/Versions/A/CoreAUC
0x00000000029aa000 	/usr/lib/libspindump.dylib
0x00000000029aa000 	/System/Library/PrivateFrameworks/AudioResourceArbitration.framework/Versions/A/AudioResourceArbitration
0x00000000029aa000 	/System/Library/PrivateFrameworks/AppleVA.framework/Versions/A/AppleVA
0x00000000029aa000 	/System/Library/Frameworks/Accelerate.framework/Versions/A/Frameworks/vImage.framework/Versions/A/Libraries/libCGInterfaces.dylib
0x000000011155b000 	/usr/lib/libobjc-trampolines.dylib
0x00000000029aa000 	/System/Library/PrivateFrameworks/FamilyControls.framework/Versions/A/FamilyControls
0x00000000029aa000 	/System/Library/PrivateFrameworks/CommerceKit.framework/Versions/A/Frameworks/CommerceCore.framework/Versions/A/CommerceCore
0x00000000029aa000 	/System/Library/PrivateFrameworks/SystemAdministration.framework/Versions/A/SystemAdministration
0x00000000029aa000 	/System/Library/PrivateFrameworks/AppContainer.framework/Versions/A/AppContainer
0x00000000029aa000 	/System/Library/PrivateFrameworks/AppSandbox.framework/Versions/A/AppSandbox
0x00000000029aa000 	/System/Library/PrivateFrameworks/SecCodeWrapper.framework/Versions/A/SecCodeWrapper
0x00000000029aa000 	/usr/lib/libsandbox.1.dylib
0x00000000029aa000 	/usr/lib/libMatch.1.dylib
0x00000000029aa000 	/System/Library/PrivateFrameworks/DiskManagement.framework/Versions/A/DiskManagement
0x00000000029aa000 	/System/Library/Frameworks/DirectoryService.framework/Versions/A/DirectoryService
0x00000000029aa000 	/System/Library/PrivateFrameworks/DiskImages.framework/Versions/A/DiskImages
0x00000000029aa000 	/System/Library/PrivateFrameworks/LoginUIKit.framework/Versions/A/Frameworks/LoginUICore.framework/Versions/A/LoginUICore
0x00000000029aa000 	/usr/lib/libCoreStorage.dylib
0x00000000029aa000 	/usr/lib/libcsfde.dylib
0x00000000029aa000 	/usr/lib/libodfde.dylib
0x00000000029aa000 	/System/Library/PrivateFrameworks/MediaKit.framework/Versions/A/MediaKit
0x00000000029aa000 	/System/Library/Frameworks/DiscRecording.framework/Versions/A/DiscRecording
0x00000000029aa000 	/System/Library/PrivateFrameworks/EFILogin.framework/Versions/A/EFILogin
0x00000000029aa000 	/System/Library/PrivateFrameworks/ProtectedCloudStorage.framework/Versions/A/ProtectedCloudStorage
0x00000000029aa000 	/usr/lib/libcurl.4.dylib
0x00000000029aa000 	/usr/lib/libcrypto.44.dylib
0x00000000029aa000 	/usr/lib/libssl.46.dylib
0x00000000029aa000 	/System/Library/Frameworks/LDAP.framework/Versions/A/LDAP
0x00000000029aa000 	/usr/lib/libsasl2.2.dylib
0x00000000029aa000 	/System/Library/PrivateFrameworks/CoreDaemon.framework/Versions/B/CoreDaemon
0x00000000029aa000 	/System/Library/PrivateFrameworks/AppleSRP.framework/Versions/A/AppleSRP
0x00000000029aa000 	/System/Library/PrivateFrameworks/ViewBridge.framework/Versions/A/ViewBridge
0x00000001206a6000 	/Library/Java/JavaVirtualMachines/jdk1.8.0_144.jdk/Contents/Home/jre/lib/libjavafx_font.dylib
0x00000000029aa000 	/System/Library/PrivateFrameworks/FontServices.framework/libTrueTypeScaler.dylib
0x0000000122b6f000 	/private/var/folders/b9/g1600fqs1hg83jhkst2m4nbc0000gn/T/sqlite-3.27.2.1-8af838d6-72c0-4ffc-8cff-b70c3520fbd4-libsqlitejdbc.jnilib
0x00000000029aa000 	/System/Library/PrivateFrameworks/login.framework/Versions/A/login
0x00000000029aa000 	/System/Library/Extensions/AppleIntelHD5000GraphicsMTLDriver.bundle/Contents/MacOS/AppleIntelHD5000GraphicsMTLDriver
0x00000000029aa000 	/System/Library/PrivateFrameworks/GPUCompiler.framework/Versions/3902/Libraries/libmetal_timestamp.dylib
0x00000000029aa000 	/System/Library/PrivateFrameworks/HDRProcessing.framework/Versions/A/HDRProcessing
0x0000000124963000 	/Library/Java/JavaVirtualMachines/jdk1.8.0_144.jdk/Contents/Home/jre/lib/libprism_common.dylib
0x000000012692f000 	/Library/Java/JavaVirtualMachines/jdk1.8.0_144.jdk/Contents/Home/jre/lib/libjavafx_iio.dylib
0x00000001229f6000 	/Library/Java/JavaVirtualMachines/jdk1.8.0_144.jdk/Contents/Home/jre/lib/libjsound.dylib
0x00000000029aa000 	/System/Library/Frameworks/CoreMIDI.framework/Versions/A/CoreMIDI
0x00000001235c7000 	/System/Library/Components/CoreAudio.component/Contents/MacOS/CoreAudio
0x00000000029aa000 	/System/Library/PrivateFrameworks/AudioSession.framework/Versions/A/AudioSession
0x00000000029aa000 	/System/Library/PrivateFrameworks/AudioSession.framework/libSessionUtility.dylib

VM Arguments:
jvm_args: -javaagent:/Applications/IntelliJ IDEA CE.app/Contents/lib/idea_rt.jar=63037:/Applications/IntelliJ IDEA CE.app/Contents/bin -Dfile.encoding=UTF-8 
java_command: application.Main
java_class_path (initial): /Users/simonsymhoven/Desktop/Uni/FHAW/WS_2019_2020/Neuere Datenbankmodelle/Projektarbeit/animalsProject/bin:/Library/Java/JavaVirtualMachines/jdk1.8.0_144.jdk/Contents/Home/jre/lib/charsets.jar:/Library/Java/JavaVirtualMachines/jdk1.8.0_144.jdk/Contents/Home/jre/lib/deploy.jar:/Library/Java/JavaVirtualMachines/jdk1.8.0_144.jdk/Contents/Home/jre/lib/ext/cldrdata.jar:/Library/Java/JavaVirtualMachines/jdk1.8.0_144.jdk/Contents/Home/jre/lib/ext/dnsns.jar:/Library/Java/JavaVirtualMachines/jdk1.8.0_144.jdk/Contents/Home/jre/lib/ext/jaccess.jar:/Library/Java/JavaVirtualMachines/jdk1.8.0_144.jdk/Contents/Home/jre/lib/ext/jfxrt.jar:/Library/Java/JavaVirtualMachines/jdk1.8.0_144.jdk/Contents/Home/jre/lib/ext/localedata.jar:/Library/Java/JavaVirtualMachines/jdk1.8.0_144.jdk/Contents/Home/jre/lib/ext/nashorn.jar:/Library/Java/JavaVirtualMachines/jdk1.8.0_144.jdk/Contents/Home/jre/lib/ext/sunec.jar:/Library/Java/JavaVirtualMachines/jdk1.8.0_144.jdk/Contents/Home/jre/lib/ext/sunjce_provider.jar:/Library/Java/JavaVirtualMachines/jdk1.8.0_144.jdk/Contents/Home/jre/lib/ext/sunpkcs11.jar:/Library/Java/JavaVirtualMachines/jdk1.8.0_144.jdk/Contents/Home/jre/lib/ext/zipfs.jar:/Library/Java/JavaVirtualMachines/jdk1.8.0_144.jdk/Contents/Home/jre/lib/javaws.jar:/Library/Java/JavaVirtualMachines/jdk1.8.0_144.jdk/Contents/Home/jre/lib/jce.jar:/Library/Java/JavaVirtualMachines/jdk1.8.0_144.jdk/Contents/Home/jre/lib/jfr.jar:/Library/Java/JavaVirtualMachines/jdk1.8.0_144.jdk/Contents/Home/jre/lib/jfxswt.jar:/Library/Java/JavaVirtualMachines/jdk1.8.0_144.jdk/Contents/Home/jre/lib/jsse.jar:/Library/Java/JavaVirtualMachines/jdk1.8.0_144.jdk/Contents/Home/jre/lib/management-agent.jar:/Library/Java/JavaVirtualMachines/jdk1.8.0_144.jdk/Contents/Home/jre/lib/plugin.jar:/Library/Java/JavaVirtualMachines/jdk1.8.0_144.jdk/Contents/Home/jre/lib/resources.jar:/Library/Java/JavaVirtualMachines/jdk1.8.0_144.jdk/Contents/Home/jre/lib/rt.jar:/Library/Java/JavaVirtualMachines/jdk1.8
Launcher Type: SUN_STANDARD

Environment Variables:
PATH=/usr/local/bin:/usr/bin:/bin:/usr/sbin:/sbin:/Library/Apple/usr/bin:/Library/Apple/bin:/Library/TeX/texbin:/usr/local/share/dotnet:/Library/Frameworks/Mono.framework/Versions/Current/Commands:/opt/ImageMagick/bin:/Applications/Wireshark.app/Contents/MacOS
SHELL=/bin/zsh

Signal Handlers:
SIGSEGV: [libjvm.dylib+0x5b26e5], sa_mask[0]=11111111011111110111111111111111, sa_flags=SA_ONSTACK|SA_RESTART|SA_SIGINFO
SIGBUS: [libjvm.dylib+0x5b26e5], sa_mask[0]=11111111011111110111111111111111, sa_flags=SA_RESTART|SA_SIGINFO
SIGFPE: [libjvm.dylib+0x489100], sa_mask[0]=11111111011111110111111111111111, sa_flags=SA_RESTART|SA_SIGINFO
SIGPIPE: [libjvm.dylib+0x489100], sa_mask[0]=11111111011111110111111111111111, sa_flags=SA_RESTART|SA_SIGINFO
SIGXFSZ: [libjvm.dylib+0x489100], sa_mask[0]=11111111011111110111111111111111, sa_flags=SA_RESTART|SA_SIGINFO
SIGILL: [libjvm.dylib+0x489100], sa_mask[0]=11111111011111110111111111111111, sa_flags=SA_RESTART|SA_SIGINFO
SIGUSR1: SIG_DFL, sa_mask[0]=00000000000000000000000000000000, sa_flags=none
SIGUSR2: [libjvm.dylib+0x488c1e], sa_mask[0]=00100000000000000000000000000000, sa_flags=SA_RESTART|SA_SIGINFO
SIGHUP: [libjvm.dylib+0x4871f5], sa_mask[0]=11111111011111110111111111111111, sa_flags=SA_RESTART|SA_SIGINFO
SIGINT: [libjvm.dylib+0x4871f5], sa_mask[0]=11111111011111110111111111111111, sa_flags=SA_RESTART|SA_SIGINFO
SIGTERM: [libjvm.dylib+0x4871f5], sa_mask[0]=11111111011111110111111111111111, sa_flags=SA_RESTART|SA_SIGINFO
SIGQUIT: [libjvm.dylib+0x4871f5], sa_mask[0]=11111111011111110111111111111111, sa_flags=SA_RESTART|SA_SIGINFO


---------------  S Y S T E M  ---------------

OS:Bsduname:Darwin 19.0.0 Darwin Kernel Version 19.0.0: Thu Jun 13 21:52:56 PDT 2019; root:xnu-6110.0.0.121.5~2/RELEASE_X86_64 x86_64
rlimit: STACK 8192k, CORE 0k, NPROC 709, NOFILE 10240, AS infinity
load average:2.02 1.83 1.86

CPU:total 4 (initial active 4) (2 cores per cpu, 2 threads per core) family 6 model 69 stepping 1, cmov, cx8, fxsr, mmx, sse, sse2, sse3, ssse3, sse4.1, sse4.2, popcnt, avx, avx2, aes, clmul, erms, lzcnt, ht, tsc, tscinvbit, bmi1, bmi2

Memory: 4k page, physical 8388608k(377908k free)

/proc/meminfo:


vm_info: Java HotSpot(TM) 64-Bit Server VM (25.144-b01) for bsd-amd64 JRE (1.8.0_144-b01), built on Jul 21 2017 22:07:42 by "java_re" with gcc 4.2.1 (Based on Apple Inc. build 5658) (LLVM build 2336.11.00)

time: Mon Dec  9 15:55:23 2019
elapsed time: 20892 seconds (0d 5h 48m 12s)

